<?xml version="1.0" encoding="UTF-8"?>
<!-- Generated by org.testng.reporters.JUnitReportReporter -->
<testsuite hostname="MTPMX230" failures="0" tests="1" name="com.appiumtest.TC_Scrolling_ProductList" time="21.856" errors="0" timestamp="29 ago. 2022 14:55:50 GMT" skipped="0">
  <testcase classname="com.appiumtest.TC_Scrolling_ProductList" name="scollingInTheProductList" time="21.856"/>
</testsuite> <!-- com.appiumtest.TC_Scrolling_ProductList -->
