<?xml version="1.0" encoding="UTF-8"?>
<!-- Generated by org.testng.reporters.JUnitReportReporter -->
<testsuite hostname="MTPMX230" failures="0" tests="1" name="com.appiumtest.HybridApp_WithChrome" time="45.858" errors="0" timestamp="30 ago. 2022 22:04:22 GMT" skipped="0">
  <testcase classname="com.appiumtest.HybridApp_WithChrome" name="hybridAppChrome" time="45.858"/>
</testsuite> <!-- com.appiumtest.HybridApp_WithChrome -->
