<?xml version="1.0" encoding="UTF-8"?>
<!-- Generated by org.testng.reporters.JUnitReportReporter -->
<testsuite hostname="MTPMX230" failures="0" tests="1" name="com.appiumtest.TC_ValidatingFunctionality" time="33.581" errors="0" timestamp="29 ago. 2022 18:20:52 GMT" skipped="0">
  <testcase classname="com.appiumtest.TC_ValidatingFunctionality" name="testValidatingFunctionality" time="33.581"/>
</testsuite> <!-- com.appiumtest.TC_ValidatingFunctionality -->
