<?xml version="1.0" encoding="UTF-8"?>
<!-- Generated by org.testng.reporters.JUnitReportReporter -->
<testsuite hostname="MTPMX230" failures="0" tests="1" name="com.appiumtest.TCeComerce_Filling_Form" time="73.253" errors="0" timestamp="26 ago. 2022 14:29:14 GMT" skipped="0">
  <testcase classname="com.appiumtest.TCeComerce_Filling_Form" name="fillDemoForm" time="73.253"/>
</testsuite> <!-- com.appiumtest.TCeComerce_Filling_Form -->
