<?xml version="1.0" encoding="UTF-8"?>
<!-- Generated by org.testng.reporters.JUnitReportReporter -->
<testsuite hostname="MTPMX230" failures="0" tests="1" name="com.appiumtest.TC_ToastMessages" time="18.704" errors="0" timestamp="26 ago. 2022 15:43:11 GMT" skipped="0">
  <testcase classname="com.appiumtest.TC_ToastMessages" name="toastMessages" time="18.704"/>
</testsuite> <!-- com.appiumtest.TC_ToastMessages -->
